2023-04-26 19:43:19 GUI [ERROR] IOException, some error during getting config file!,, message: home/marisag/Downloads/jChess-1.5/jChess-1.5config.txt (No such file or directory) stackTrace: [java.base/java.io.FileOutputStream.open0(Native Method), java.base/java.io.FileOutputStream.open(FileOutputStream.java:298), java.base/java.io.FileOutputStream.<init>(FileOutputStream.java:237), java.base/java.io.FileOutputStream.<init>(FileOutputStream.java:187), pl.art.lach.mateusz.javaopenchess.utils.GUI.saveConfigFileOutsideJar(GUI.java:181), pl.art.lach.mateusz.javaopenchess.utils.GUI.loadConfigFile(GUI.java:157), pl.art.lach.mateusz.javaopenchess.utils.GUI.getConfigFile(GUI.java:143), pl.art.lach.mateusz.javaopenchess.utils.GUI.loadImage(GUI.java:79), pl.art.lach.mateusz.javaopenchess.display.windows.JChessTabbedPane.<init>(JChessTabbedPane.java:55), pl.art.lach.mateusz.javaopenchess.JChessView.initComponents(JChessView.java:407), pl.art.lach.mateusz.javaopenchess.JChessView.<init>(JChessView.java:313), pl.art.lach.mateusz.javaopenchess.JChessApp.startup(JChessApp.java:51), org.jdesktop.application.Application$1.run(Application.java:171), java.desktop/java.awt.event.InvocationEvent.dispatch(InvocationEvent.java:313), java.desktop/java.awt.EventQueue.dispatchEventImpl(EventQueue.java:770), java.desktop/java.awt.EventQueue$4.run(EventQueue.java:721), java.desktop/java.awt.EventQueue$4.run(EventQueue.java:715), java.base/java.security.AccessController.doPrivileged(Native Method), java.base/java.security.ProtectionDomain$JavaSecurityAccessImpl.doIntersectionPrivilege(ProtectionDomain.java:85), java.desktop/java.awt.EventQueue.dispatchEvent(EventQueue.java:740), java.desktop/java.awt.EventDispatchThread.pumpOneEventForFilters(EventDispatchThread.java:203), java.desktop/java.awt.EventDispatchThread.pumpEventsForFilter(EventDispatchThread.java:124), java.desktop/java.awt.EventDispatchThread.pumpEventsForHierarchy(EventDispatchThread.java:113), java.desktop/java.awt.EventDispatchThread.pumpEvents(EventDispatchThread.java:109), java.desktop/java.awt.EventDispatchThread.pumpEvents(EventDispatchThread.java:101), java.desktop/java.awt.EventDispatchThread.run(EventDispatchThread.java:90)]
2023-04-26 19:43:19 GUI [ERROR] IOException, some error during getting config file!,, message: home/marisag/Downloads/jChess-1.5/jChess-1.5config.txt (No such file or directory) stackTrace: [java.base/java.io.FileInputStream.open0(Native Method), java.base/java.io.FileInputStream.open(FileInputStream.java:219), java.base/java.io.FileInputStream.<init>(FileInputStream.java:157), pl.art.lach.mateusz.javaopenchess.utils.GUI.loadOuterConfigFile(GUI.java:167), pl.art.lach.mateusz.javaopenchess.utils.GUI.loadConfigFile(GUI.java:159), pl.art.lach.mateusz.javaopenchess.utils.GUI.getConfigFile(GUI.java:143), pl.art.lach.mateusz.javaopenchess.utils.GUI.loadImage(GUI.java:79), pl.art.lach.mateusz.javaopenchess.display.windows.JChessTabbedPane.<init>(JChessTabbedPane.java:55), pl.art.lach.mateusz.javaopenchess.JChessView.initComponents(JChessView.java:407), pl.art.lach.mateusz.javaopenchess.JChessView.<init>(JChessView.java:313), pl.art.lach.mateusz.javaopenchess.JChessApp.startup(JChessApp.java:51), org.jdesktop.application.Application$1.run(Application.java:171), java.desktop/java.awt.event.InvocationEvent.dispatch(InvocationEvent.java:313), java.desktop/java.awt.EventQueue.dispatchEventImpl(EventQueue.java:770), java.desktop/java.awt.EventQueue$4.run(EventQueue.java:721), java.desktop/java.awt.EventQueue$4.run(EventQueue.java:715), java.base/java.security.AccessController.doPrivileged(Native Method), java.base/java.security.ProtectionDomain$JavaSecurityAccessImpl.doIntersectionPrivilege(ProtectionDomain.java:85), java.desktop/java.awt.EventQueue.dispatchEvent(EventQueue.java:740), java.desktop/java.awt.EventDispatchThread.pumpOneEventForFilters(EventDispatchThread.java:203), java.desktop/java.awt.EventDispatchThread.pumpEventsForFilter(EventDispatchThread.java:124), java.desktop/java.awt.EventDispatchThread.pumpEventsForHierarchy(EventDispatchThread.java:113), java.desktop/java.awt.EventDispatchThread.pumpEvents(EventDispatchThread.java:109), java.desktop/java.awt.EventDispatchThread.pumpEvents(EventDispatchThread.java:101), java.desktop/java.awt.EventDispatchThread.run(EventDispatchThread.java:90)]
2023-04-26 19:43:19 GUI [DEBUG] THEME: null
2023-04-26 19:43:47 ThemeChooseWindow [DEBUG] Theme path: /home/marisag/Downloads/jChess-1.5/jChess-1.5/theme
2023-04-26 19:43:47 Settings [DEBUG] Locale: en
2023-04-26 19:43:47 GUI [DEBUG] THEME: null
2023-04-26 19:44:01 Settings [DEBUG] Locale: en
2023-04-26 19:44:01 Settings [DEBUG] Locale: en
2023-04-26 19:44:01 Settings [DEBUG] Locale: en
2023-04-26 19:44:02 Settings [DEBUG] Locale: en
2023-04-26 19:44:02 Settings [DEBUG] Locale: en
2023-04-26 19:44:02 Settings [DEBUG] Locale: en
2023-04-26 19:44:02 Settings [DEBUG] Locale: en
2023-04-26 19:44:02 Settings [DEBUG] Locale: en
2023-04-26 19:44:02 Settings [DEBUG] Locale: en
2023-04-26 19:44:02 Settings [DEBUG] Locale: en
2023-04-26 19:44:02 Settings [DEBUG] Locale: en
2023-04-26 19:44:02 Settings [DEBUG] Locale: en
2023-04-26 19:44:02 Settings [DEBUG] Locale: en
2023-04-26 19:44:02 Settings [DEBUG] Locale: en
2023-04-26 19:44:02 Settings [DEBUG] Locale: en
2023-04-26 19:44:02 Settings [DEBUG] Locale: en
2023-04-26 19:44:02 Settings [DEBUG] Locale: en
2023-04-26 19:44:02 Settings [DEBUG] Locale: en
2023-04-26 19:44:02 Settings [DEBUG] Locale: en
2023-04-26 19:44:02 Settings [DEBUG] Locale: en
2023-04-26 19:44:02 Settings [DEBUG] Locale: en
2023-04-26 19:44:02 Settings [DEBUG] Locale: en
2023-04-26 19:44:02 Settings [DEBUG] Locale: en
2023-04-26 19:44:02 Settings [DEBUG] Locale: en
2023-04-26 19:44:13 Settings [DEBUG] Locale: en
2023-04-26 19:44:13 Settings [DEBUG] Locale: en
2023-04-26 19:44:13 Settings [DEBUG] Locale: en
2023-04-26 19:52:44 GUI [ERROR] IOException, some error during getting config file!,, message: home/marisag/Documents/MySnaps/java-open-chessconfig.txt (No such file or directory) stackTrace: [java.base/java.io.FileOutputStream.open0(Native Method), java.base/java.io.FileOutputStream.open(FileOutputStream.java:298), java.base/java.io.FileOutputStream.<init>(FileOutputStream.java:237), java.base/java.io.FileOutputStream.<init>(FileOutputStream.java:187), pl.art.lach.mateusz.javaopenchess.utils.GUI.saveConfigFileOutsideJar(GUI.java:181), pl.art.lach.mateusz.javaopenchess.utils.GUI.loadConfigFile(GUI.java:157), pl.art.lach.mateusz.javaopenchess.utils.GUI.getConfigFile(GUI.java:143), pl.art.lach.mateusz.javaopenchess.utils.GUI.loadImage(GUI.java:79), pl.art.lach.mateusz.javaopenchess.display.windows.JChessTabbedPane.<init>(JChessTabbedPane.java:55), pl.art.lach.mateusz.javaopenchess.JChessView.initComponents(JChessView.java:407), pl.art.lach.mateusz.javaopenchess.JChessView.<init>(JChessView.java:313), pl.art.lach.mateusz.javaopenchess.JChessApp.startup(JChessApp.java:51), org.jdesktop.application.Application$1.run(Application.java:171), java.desktop/java.awt.event.InvocationEvent.dispatch(InvocationEvent.java:313), java.desktop/java.awt.EventQueue.dispatchEventImpl(EventQueue.java:770), java.desktop/java.awt.EventQueue$4.run(EventQueue.java:721), java.desktop/java.awt.EventQueue$4.run(EventQueue.java:715), java.base/java.security.AccessController.doPrivileged(Native Method), java.base/java.security.ProtectionDomain$JavaSecurityAccessImpl.doIntersectionPrivilege(ProtectionDomain.java:85), java.desktop/java.awt.EventQueue.dispatchEvent(EventQueue.java:740), java.desktop/java.awt.EventDispatchThread.pumpOneEventForFilters(EventDispatchThread.java:203), java.desktop/java.awt.EventDispatchThread.pumpEventsForFilter(EventDispatchThread.java:124), java.desktop/java.awt.EventDispatchThread.pumpEventsForHierarchy(EventDispatchThread.java:113), java.desktop/java.awt.EventDispatchThread.pumpEvents(EventDispatchThread.java:109), java.desktop/java.awt.EventDispatchThread.pumpEvents(EventDispatchThread.java:101), java.desktop/java.awt.EventDispatchThread.run(EventDispatchThread.java:90)]
2023-04-26 19:52:44 GUI [ERROR] IOException, some error during getting config file!,, message: home/marisag/Documents/MySnaps/java-open-chessconfig.txt (No such file or directory) stackTrace: [java.base/java.io.FileInputStream.open0(Native Method), java.base/java.io.FileInputStream.open(FileInputStream.java:219), java.base/java.io.FileInputStream.<init>(FileInputStream.java:157), pl.art.lach.mateusz.javaopenchess.utils.GUI.loadOuterConfigFile(GUI.java:167), pl.art.lach.mateusz.javaopenchess.utils.GUI.loadConfigFile(GUI.java:159), pl.art.lach.mateusz.javaopenchess.utils.GUI.getConfigFile(GUI.java:143), pl.art.lach.mateusz.javaopenchess.utils.GUI.loadImage(GUI.java:79), pl.art.lach.mateusz.javaopenchess.display.windows.JChessTabbedPane.<init>(JChessTabbedPane.java:55), pl.art.lach.mateusz.javaopenchess.JChessView.initComponents(JChessView.java:407), pl.art.lach.mateusz.javaopenchess.JChessView.<init>(JChessView.java:313), pl.art.lach.mateusz.javaopenchess.JChessApp.startup(JChessApp.java:51), org.jdesktop.application.Application$1.run(Application.java:171), java.desktop/java.awt.event.InvocationEvent.dispatch(InvocationEvent.java:313), java.desktop/java.awt.EventQueue.dispatchEventImpl(EventQueue.java:770), java.desktop/java.awt.EventQueue$4.run(EventQueue.java:721), java.desktop/java.awt.EventQueue$4.run(EventQueue.java:715), java.base/java.security.AccessController.doPrivileged(Native Method), java.base/java.security.ProtectionDomain$JavaSecurityAccessImpl.doIntersectionPrivilege(ProtectionDomain.java:85), java.desktop/java.awt.EventQueue.dispatchEvent(EventQueue.java:740), java.desktop/java.awt.EventDispatchThread.pumpOneEventForFilters(EventDispatchThread.java:203), java.desktop/java.awt.EventDispatchThread.pumpEventsForFilter(EventDispatchThread.java:124), java.desktop/java.awt.EventDispatchThread.pumpEventsForHierarchy(EventDispatchThread.java:113), java.desktop/java.awt.EventDispatchThread.pumpEvents(EventDispatchThread.java:109), java.desktop/java.awt.EventDispatchThread.pumpEvents(EventDispatchThread.java:101), java.desktop/java.awt.EventDispatchThread.run(EventDispatchThread.java:90)]
2023-04-26 19:52:44 GUI [DEBUG] THEME: null
